<?xml version="1.0" encoding="UTF-8"?>
<testng-results ignored="0" total="2" passed="2" failed="0" skipped="0">
  <reporter-output>
  </reporter-output>
  <suite started-at="2020-07-05T05:14:16Z" name="Default suite" finished-at="2020-07-05T05:14:19Z" duration-ms="2751">
    <groups>
      <group name="cucumber">
        <method signature="AbstractTestNGCucumberTests.runScenario(io.cucumber.testng.PickleWrapper, io.cucumber.testng.FeatureWrapper)[pri:0, instance:com.runner.cucumber.RunnerCucumber@7ef27d7f]" name="runScenario" class="io.cucumber.testng.AbstractTestNGCucumberTests"/>
      </group> <!-- cucumber -->
    </groups>
    <test started-at="2020-07-05T05:14:16Z" name="Default test" finished-at="2020-07-05T05:14:19Z" duration-ms="2751">
      <class name="com.runner.cucumber.RunnerCucumber">
        <test-method is-config="true" signature="setUpClass()[pri:0, instance:com.runner.cucumber.RunnerCucumber@7ef27d7f]" started-at="2020-07-05T05:14:17Z" name="setUpClass" finished-at="2020-07-05T05:14:18Z" duration-ms="1097" status="PASS">
          <reporter-output>
          </reporter-output>
        </test-method> <!-- setUpClass -->
        <test-method signature="runScenario(io.cucumber.testng.PickleWrapper, io.cucumber.testng.FeatureWrapper)[pri:0, instance:com.runner.cucumber.RunnerCucumber@7ef27d7f]" started-at="2020-07-05T05:14:18Z" name="runScenario" description="Runs Cucumber Scenarios" data-provider="scenarios" finished-at="2020-07-05T05:14:19Z" duration-ms="293" status="PASS">
          <params>
            <param index="0">
              <value>
                <![CDATA["Pass two integer and verify the addition result"]]>
              </value>
            </param>
            <param index="1">
              <value>
                <![CDATA["This is first feature file tp perfrom Addition."]]>
              </value>
            </param>
          </params>
          <reporter-output>
          </reporter-output>
        </test-method> <!-- runScenario -->
        <test-method signature="runScenario(io.cucumber.testng.PickleWrapper, io.cucumber.testng.FeatureWrapper)[pri:0, instance:com.runner.cucumber.RunnerCucumber@7ef27d7f]" started-at="2020-07-05T05:14:19Z" name="runScenario" description="Runs Cucumber Scenarios" data-provider="scenarios" finished-at="2020-07-05T05:14:19Z" duration-ms="15" status="PASS">
          <params>
            <param index="0">
              <value>
                <![CDATA["Pass two integer and verify the multiplication result"]]>
              </value>
            </param>
            <param index="1">
              <value>
                <![CDATA["This is second feature file to perform multiplication"]]>
              </value>
            </param>
          </params>
          <reporter-output>
          </reporter-output>
        </test-method> <!-- runScenario -->
        <test-method is-config="true" signature="tearDownClass()[pri:0, instance:com.runner.cucumber.RunnerCucumber@7ef27d7f]" started-at="2020-07-05T05:14:19Z" name="tearDownClass" finished-at="2020-07-05T05:14:19Z" duration-ms="201" status="PASS">
          <reporter-output>
          </reporter-output>
        </test-method> <!-- tearDownClass -->
      </class> <!-- com.runner.cucumber.RunnerCucumber -->
    </test> <!-- Default test -->
  </suite> <!-- Default suite -->
</testng-results>
