<?xml version="1.0" encoding="UTF-8"?>
<testng-results ignored="0" total="2" passed="2" failed="0" skipped="0">
  <reporter-output>
  </reporter-output>
  <suite started-at="2020-08-30T06:55:04Z" name="Default suite" finished-at="2020-08-30T06:55:24Z" duration-ms="20512">
    <groups>
    </groups>
    <test started-at="2020-08-30T06:55:04Z" name="Default test" finished-at="2020-08-30T06:55:24Z" duration-ms="20512">
      <class name="com.keywords.testcases.MyntraTestCases">
        <test-method is-config="true" signature="launchBrowser()[pri:0, instance:com.keywords.testcases.MyntraTestCases@479cbee5]" started-at="2020-08-30T06:55:04Z" name="launchBrowser" finished-at="2020-08-30T06:55:24Z" duration-ms="20228" status="PASS">
          <reporter-output>
          </reporter-output>
        </test-method> <!-- launchBrowser -->
        <test-method signature="EnterIn()[pri:0, instance:com.keywords.testcases.MyntraTestCases@479cbee5]" started-at="2020-08-30T06:55:24Z" name="EnterIn" finished-at="2020-08-30T06:55:24Z" duration-ms="10" status="PASS">
          <reporter-output>
          </reporter-output>
        </test-method> <!-- EnterIn -->
        <test-method signature="verifyLogo()[pri:0, instance:com.keywords.testcases.MyntraTestCases@479cbee5]" started-at="2020-08-30T06:55:24Z" name="verifyLogo" finished-at="2020-08-30T06:55:24Z" duration-ms="239" status="PASS">
          <reporter-output>
          </reporter-output>
        </test-method> <!-- verifyLogo -->
      </class> <!-- com.keywords.testcases.MyntraTestCases -->
    </test> <!-- Default test -->
  </suite> <!-- Default suite -->
</testng-results>
